{
  "Cucumber Features": {
    "coverage": {
      "/home/cosc480/cosc480-homework4/app/controllers/application_controller.rb": [
        1,
        1,
        null
      ],
      "/home/cosc480/cosc480-homework4/app/helpers/application_helper.rb": [
        1,
        null
      ],
      "/home/cosc480/cosc480-homework4/app/helpers/movies_helper.rb": [
        1,
        null,
        1,
        0,
        null,
        null
      ],
      "/home/cosc480/cosc480-homework4/app/controllers/movies_controller.rb": [
        1,
        null,
        1,
        3,
        3,
        null,
        null,
        null,
        1,
        1,
        1,
        null,
        0,
        null,
        0,
        null,
        1,
        1,
        null,
        1,
        6,
        null,
        null,
        1,
        0,
        0,
        0,
        null,
        1,
        null,
        null,
        1,
        null,
        null,
        null,
        1,
        0,
        0,
        0,
        null,
        null,
        1,
        1,
        null,
        null,
        1,
        1,
        1,
        1,
        1,
        null,
        null,
        1,
        0,
        0,
        0,
        0,
        null,
        null,
        1,
        2,
        2,
        2,
        2,
        1,
        1,
        null,
        1,
        null,
        null,
        null,
        null
      ],
      "/home/cosc480/cosc480-homework4/app/models/movie.rb": [
        1,
        1,
        1,
        1,
        null,
        null
      ]
    },
    "timestamp": 1362861908
  },
  "RSpec": {
    "coverage": {
      "/home/cosc480/cosc480-homework4/app/controllers/application_controller.rb": [
        1,
        1,
        null
      ],
      "/home/cosc480/cosc480-homework4/app/helpers/application_helper.rb": [
        1,
        null
      ],
      "/home/cosc480/cosc480-homework4/app/helpers/movies_helper.rb": [
        1,
        null,
        1,
        1,
        null,
        null
      ],
      "/home/cosc480/cosc480-homework4/app/controllers/movies_controller.rb": [
        1,
        null,
        1,
        1,
        1,
        null,
        null,
        null,
        1,
        3,
        3,
        null,
        1,
        null,
        1,
        null,
        3,
        3,
        null,
        3,
        12,
        null,
        null,
        3,
        3,
        3,
        3,
        null,
        0,
        null,
        null,
        1,
        null,
        null,
        null,
        1,
        1,
        1,
        1,
        null,
        null,
        1,
        1,
        null,
        null,
        1,
        1,
        1,
        1,
        1,
        null,
        null,
        1,
        1,
        1,
        1,
        1,
        null,
        null,
        1,
        2,
        2,
        2,
        2,
        1,
        1,
        null,
        1,
        null,
        null,
        null,
        null
      ],
      "/home/cosc480/cosc480-homework4/app/models/movie.rb": [
        1,
        1,
        1,
        3,
        null,
        null
      ]
    },
    "timestamp": 1362861931
  }
}
